2017-08-03 16:54:58 | INFO  | [main] j.m.Task:22 - Application Started
2017-08-03 16:54:58 | ERROR | [main] j.m.Task:27 - Application terminates as .conf File Not Found in conf folder
2017-08-04 09:34:30 | INFO  | [main] j.m.Task:22 - Application Started
2017-08-04 09:34:30 | ERROR | [main] j.m.Task:27 - Application terminates as .conf File Not Found in conf folder
2017-08-04 09:35:02 | INFO  | [main] j.m.Task:22 - Application Started
2017-08-04 09:35:02 | ERROR | [main] j.m.Task:27 - Application terminates as .conf File Not Found in conf folder
2017-08-04 09:35:56 | INFO  | [main] j.m.Task:22 - Application Started
2017-08-04 09:35:56 | ERROR | [main] j.m.Task:27 - Application terminates as .conf File Not Found in conf folder
2017-08-04 09:58:47 | INFO  | [main] j.m.Task:24 - Application Started
2017-08-04 09:58:47 | ERROR | [main] j.m.Task:29 - Application terminates as .conf File Not Found in conf folder
2017-08-04 09:58:56 | INFO  | [main] j.m.Task:24 - Application Started
2017-08-04 09:58:56 | ERROR | [main] j.m.Task:29 - Application terminates as .conf File Not Found in conf folder
2017-08-04 09:59:09 | INFO  | [main] j.m.Task:24 - Application Started
2017-08-04 09:59:09 | INFO  | [main] j.m.Task:35 - Configuration Object made
2017-08-04 09:59:09 | INFO  | [main] j.m.Task:37 - Job Scheduled
2017-08-04 09:59:10 | INFO  | [pool-2-thread-1] j.s.ScheduleMailJob:22 - Job scheduled for sending email
2017-08-04 09:59:10 | INFO  | [pool-2-thread-1] j.m.Mailer:207 - File downloaded successfully
2017-08-04 09:59:16 | INFO  | [pool-2-thread-1] j.m.Mailer:148 - mail sent successfully
2017-08-04 11:17:49 | INFO  | [main] j.m.Task:24 - Application Started
2017-08-04 11:17:49 | INFO  | [main] j.m.Task:35 - Configuration Object made
2017-08-04 11:17:49 | INFO  | [main] j.m.Task:37 - Job Scheduled
2017-08-04 11:17:50 | INFO  | [pool-2-thread-1] j.s.ScheduleMailJob:23 - Job scheduled for sending email
2017-08-04 11:17:51 | INFO  | [pool-2-thread-1] j.m.Mailer:207 - File downloaded successfully
2017-08-04 11:18:00 | INFO  | [pool-2-thread-1] j.m.Mailer:148 - mail sent successfully
2017-08-04 12:42:50 | INFO  | [main] j.m.Task:24 - Application Started
2017-08-04 12:42:50 | INFO  | [main] j.s.ParseConfigFile:79 - Parsed Successfully
2017-08-04 12:42:50 | INFO  | [main] j.m.Task:35 - Configuration Object made
2017-08-04 12:42:50 | INFO  | [main] j.m.Task:37 - Job Scheduled
2017-08-04 12:43:00 | INFO  | [pool-2-thread-1] j.s.ScheduleMailJob:23 - Job scheduled for sending email
2017-08-04 12:43:00 | ERROR | [pool-2-thread-1] j.m.Mailer:212 - Error downloading file
2017-08-04 12:43:00 | ERROR | [pool-2-thread-1] o.s.s.s.TaskUtils$LoggingErrorHandler:95 - Unexpected error occurred in scheduled task.
java.lang.NullPointerException: null
	at java.io.File.<init>(File.java:277) ~[na:1.8.0_131]
	at javax.activation.FileDataSource.<init>(FileDataSource.java:85) ~[na:1.8.0_131]
	at job.mail.Mailer.attachFile(Mailer.java:79) ~[classes/:na]
	at job.mail.Mailer.sendMail(Mailer.java:185) ~[classes/:na]
	at job.scheduling.ScheduleMailJob.ExecuteJob(ScheduleMailJob.java:24) ~[classes/:na]
	at job.scheduling.ScheduleJob.run(ScheduleJob.java:34) ~[classes/:na]
	at org.springframework.scheduling.support.DelegatingErrorHandlingRunnable.run(DelegatingErrorHandlingRunnable.java:54) ~[spring-context-4.0.6.RELEASE.jar:4.0.6.RELEASE]
	at org.springframework.scheduling.concurrent.ReschedulingRunnable.run(ReschedulingRunnable.java:81) [spring-context-4.0.6.RELEASE.jar:4.0.6.RELEASE]
	at java.util.concurrent.Executors$RunnableAdapter.call(Executors.java:511) [na:1.8.0_131]
	at java.util.concurrent.FutureTask.run(FutureTask.java:266) [na:1.8.0_131]
	at java.util.concurrent.ScheduledThreadPoolExecutor$ScheduledFutureTask.access$201(ScheduledThreadPoolExecutor.java:180) [na:1.8.0_131]
	at java.util.concurrent.ScheduledThreadPoolExecutor$ScheduledFutureTask.run(ScheduledThreadPoolExecutor.java:293) [na:1.8.0_131]
	at java.util.concurrent.ThreadPoolExecutor.runWorker(ThreadPoolExecutor.java:1149) [na:1.8.0_131]
	at java.util.concurrent.ThreadPoolExecutor$Worker.run(ThreadPoolExecutor.java:624) [na:1.8.0_131]
	at java.lang.Thread.run(Thread.java:748) [na:1.8.0_131]
2017-08-04 12:43:10 | INFO  | [pool-2-thread-1] j.s.ScheduleMailJob:23 - Job scheduled for sending email
2017-08-04 12:43:10 | ERROR | [pool-2-thread-1] j.m.Mailer:212 - Error downloading file
2017-08-04 12:43:10 | ERROR | [pool-2-thread-1] o.s.s.s.TaskUtils$LoggingErrorHandler:95 - Unexpected error occurred in scheduled task.
java.lang.NullPointerException: null
	at java.io.File.<init>(File.java:277) ~[na:1.8.0_131]
	at javax.activation.FileDataSource.<init>(FileDataSource.java:85) ~[na:1.8.0_131]
	at job.mail.Mailer.attachFile(Mailer.java:79) ~[classes/:na]
	at job.mail.Mailer.sendMail(Mailer.java:185) ~[classes/:na]
	at job.scheduling.ScheduleMailJob.ExecuteJob(ScheduleMailJob.java:24) ~[classes/:na]
	at job.scheduling.ScheduleJob.run(ScheduleJob.java:34) ~[classes/:na]
	at org.springframework.scheduling.support.DelegatingErrorHandlingRunnable.run(DelegatingErrorHandlingRunnable.java:54) ~[spring-context-4.0.6.RELEASE.jar:4.0.6.RELEASE]
	at org.springframework.scheduling.concurrent.ReschedulingRunnable.run(ReschedulingRunnable.java:81) [spring-context-4.0.6.RELEASE.jar:4.0.6.RELEASE]
	at java.util.concurrent.Executors$RunnableAdapter.call(Executors.java:511) [na:1.8.0_131]
	at java.util.concurrent.FutureTask.run(FutureTask.java:266) [na:1.8.0_131]
	at java.util.concurrent.ScheduledThreadPoolExecutor$ScheduledFutureTask.access$201(ScheduledThreadPoolExecutor.java:180) [na:1.8.0_131]
	at java.util.concurrent.ScheduledThreadPoolExecutor$ScheduledFutureTask.run(ScheduledThreadPoolExecutor.java:293) [na:1.8.0_131]
	at java.util.concurrent.ThreadPoolExecutor.runWorker(ThreadPoolExecutor.java:1149) [na:1.8.0_131]
	at java.util.concurrent.ThreadPoolExecutor$Worker.run(ThreadPoolExecutor.java:624) [na:1.8.0_131]
	at java.lang.Thread.run(Thread.java:748) [na:1.8.0_131]
2017-08-04 12:43:20 | INFO  | [pool-2-thread-1] j.s.ScheduleMailJob:23 - Job scheduled for sending email
2017-08-04 12:43:20 | ERROR | [pool-2-thread-1] j.m.Mailer:212 - Error downloading file
2017-08-04 12:43:20 | ERROR | [pool-2-thread-1] o.s.s.s.TaskUtils$LoggingErrorHandler:95 - Unexpected error occurred in scheduled task.
java.lang.NullPointerException: null
	at java.io.File.<init>(File.java:277) ~[na:1.8.0_131]
	at javax.activation.FileDataSource.<init>(FileDataSource.java:85) ~[na:1.8.0_131]
	at job.mail.Mailer.attachFile(Mailer.java:79) ~[classes/:na]
	at job.mail.Mailer.sendMail(Mailer.java:185) ~[classes/:na]
	at job.scheduling.ScheduleMailJob.ExecuteJob(ScheduleMailJob.java:24) ~[classes/:na]
	at job.scheduling.ScheduleJob.run(ScheduleJob.java:34) ~[classes/:na]
	at org.springframework.scheduling.support.DelegatingErrorHandlingRunnable.run(DelegatingErrorHandlingRunnable.java:54) ~[spring-context-4.0.6.RELEASE.jar:4.0.6.RELEASE]
	at org.springframework.scheduling.concurrent.ReschedulingRunnable.run(ReschedulingRunnable.java:81) [spring-context-4.0.6.RELEASE.jar:4.0.6.RELEASE]
	at java.util.concurrent.Executors$RunnableAdapter.call(Executors.java:511) [na:1.8.0_131]
	at java.util.concurrent.FutureTask.run(FutureTask.java:266) [na:1.8.0_131]
	at java.util.concurrent.ScheduledThreadPoolExecutor$ScheduledFutureTask.access$201(ScheduledThreadPoolExecutor.java:180) [na:1.8.0_131]
	at java.util.concurrent.ScheduledThreadPoolExecutor$ScheduledFutureTask.run(ScheduledThreadPoolExecutor.java:293) [na:1.8.0_131]
	at java.util.concurrent.ThreadPoolExecutor.runWorker(ThreadPoolExecutor.java:1149) [na:1.8.0_131]
	at java.util.concurrent.ThreadPoolExecutor$Worker.run(ThreadPoolExecutor.java:624) [na:1.8.0_131]
	at java.lang.Thread.run(Thread.java:748) [na:1.8.0_131]
2017-08-04 12:43:30 | INFO  | [pool-2-thread-1] j.s.ScheduleMailJob:23 - Job scheduled for sending email
2017-08-04 12:43:30 | ERROR | [pool-2-thread-1] j.m.Mailer:212 - Error downloading file
2017-08-04 12:43:30 | ERROR | [pool-2-thread-1] o.s.s.s.TaskUtils$LoggingErrorHandler:95 - Unexpected error occurred in scheduled task.
java.lang.NullPointerException: null
	at java.io.File.<init>(File.java:277) ~[na:1.8.0_131]
	at javax.activation.FileDataSource.<init>(FileDataSource.java:85) ~[na:1.8.0_131]
	at job.mail.Mailer.attachFile(Mailer.java:79) ~[classes/:na]
	at job.mail.Mailer.sendMail(Mailer.java:185) ~[classes/:na]
	at job.scheduling.ScheduleMailJob.ExecuteJob(ScheduleMailJob.java:24) ~[classes/:na]
	at job.scheduling.ScheduleJob.run(ScheduleJob.java:34) ~[classes/:na]
	at org.springframework.scheduling.support.DelegatingErrorHandlingRunnable.run(DelegatingErrorHandlingRunnable.java:54) ~[spring-context-4.0.6.RELEASE.jar:4.0.6.RELEASE]
	at org.springframework.scheduling.concurrent.ReschedulingRunnable.run(ReschedulingRunnable.java:81) [spring-context-4.0.6.RELEASE.jar:4.0.6.RELEASE]
	at java.util.concurrent.Executors$RunnableAdapter.call(Executors.java:511) [na:1.8.0_131]
	at java.util.concurrent.FutureTask.run(FutureTask.java:266) [na:1.8.0_131]
	at java.util.concurrent.ScheduledThreadPoolExecutor$ScheduledFutureTask.access$201(ScheduledThreadPoolExecutor.java:180) [na:1.8.0_131]
	at java.util.concurrent.ScheduledThreadPoolExecutor$ScheduledFutureTask.run(ScheduledThreadPoolExecutor.java:293) [na:1.8.0_131]
	at java.util.concurrent.ThreadPoolExecutor.runWorker(ThreadPoolExecutor.java:1149) [na:1.8.0_131]
	at java.util.concurrent.ThreadPoolExecutor$Worker.run(ThreadPoolExecutor.java:624) [na:1.8.0_131]
	at java.lang.Thread.run(Thread.java:748) [na:1.8.0_131]
2017-08-04 12:43:40 | INFO  | [pool-2-thread-1] j.s.ScheduleMailJob:23 - Job scheduled for sending email
2017-08-04 12:43:40 | ERROR | [pool-2-thread-1] j.m.Mailer:212 - Error downloading file
2017-08-04 12:43:40 | ERROR | [pool-2-thread-1] o.s.s.s.TaskUtils$LoggingErrorHandler:95 - Unexpected error occurred in scheduled task.
java.lang.NullPointerException: null
	at java.io.File.<init>(File.java:277) ~[na:1.8.0_131]
	at javax.activation.FileDataSource.<init>(FileDataSource.java:85) ~[na:1.8.0_131]
	at job.mail.Mailer.attachFile(Mailer.java:79) ~[classes/:na]
	at job.mail.Mailer.sendMail(Mailer.java:185) ~[classes/:na]
	at job.scheduling.ScheduleMailJob.ExecuteJob(ScheduleMailJob.java:24) ~[classes/:na]
	at job.scheduling.ScheduleJob.run(ScheduleJob.java:34) ~[classes/:na]
	at org.springframework.scheduling.support.DelegatingErrorHandlingRunnable.run(DelegatingErrorHandlingRunnable.java:54) ~[spring-context-4.0.6.RELEASE.jar:4.0.6.RELEASE]
	at org.springframework.scheduling.concurrent.ReschedulingRunnable.run(ReschedulingRunnable.java:81) [spring-context-4.0.6.RELEASE.jar:4.0.6.RELEASE]
	at java.util.concurrent.Executors$RunnableAdapter.call(Executors.java:511) [na:1.8.0_131]
	at java.util.concurrent.FutureTask.run(FutureTask.java:266) [na:1.8.0_131]
	at java.util.concurrent.ScheduledThreadPoolExecutor$ScheduledFutureTask.access$201(ScheduledThreadPoolExecutor.java:180) [na:1.8.0_131]
	at java.util.concurrent.ScheduledThreadPoolExecutor$ScheduledFutureTask.run(ScheduledThreadPoolExecutor.java:293) [na:1.8.0_131]
	at java.util.concurrent.ThreadPoolExecutor.runWorker(ThreadPoolExecutor.java:1149) [na:1.8.0_131]
	at java.util.concurrent.ThreadPoolExecutor$Worker.run(ThreadPoolExecutor.java:624) [na:1.8.0_131]
	at java.lang.Thread.run(Thread.java:748) [na:1.8.0_131]
2017-08-04 12:43:50 | INFO  | [pool-2-thread-1] j.s.ScheduleMailJob:23 - Job scheduled for sending email
2017-08-04 12:43:50 | ERROR | [pool-2-thread-1] j.m.Mailer:212 - Error downloading file
2017-08-04 12:43:50 | ERROR | [pool-2-thread-1] o.s.s.s.TaskUtils$LoggingErrorHandler:95 - Unexpected error occurred in scheduled task.
java.lang.NullPointerException: null
	at java.io.File.<init>(File.java:277) ~[na:1.8.0_131]
	at javax.activation.FileDataSource.<init>(FileDataSource.java:85) ~[na:1.8.0_131]
	at job.mail.Mailer.attachFile(Mailer.java:79) ~[classes/:na]
	at job.mail.Mailer.sendMail(Mailer.java:185) ~[classes/:na]
	at job.scheduling.ScheduleMailJob.ExecuteJob(ScheduleMailJob.java:24) ~[classes/:na]
	at job.scheduling.ScheduleJob.run(ScheduleJob.java:34) ~[classes/:na]
	at org.springframework.scheduling.support.DelegatingErrorHandlingRunnable.run(DelegatingErrorHandlingRunnable.java:54) ~[spring-context-4.0.6.RELEASE.jar:4.0.6.RELEASE]
	at org.springframework.scheduling.concurrent.ReschedulingRunnable.run(ReschedulingRunnable.java:81) [spring-context-4.0.6.RELEASE.jar:4.0.6.RELEASE]
	at java.util.concurrent.Executors$RunnableAdapter.call(Executors.java:511) [na:1.8.0_131]
	at java.util.concurrent.FutureTask.run(FutureTask.java:266) [na:1.8.0_131]
	at java.util.concurrent.ScheduledThreadPoolExecutor$ScheduledFutureTask.access$201(ScheduledThreadPoolExecutor.java:180) [na:1.8.0_131]
	at java.util.concurrent.ScheduledThreadPoolExecutor$ScheduledFutureTask.run(ScheduledThreadPoolExecutor.java:293) [na:1.8.0_131]
	at java.util.concurrent.ThreadPoolExecutor.runWorker(ThreadPoolExecutor.java:1149) [na:1.8.0_131]
	at java.util.concurrent.ThreadPoolExecutor$Worker.run(ThreadPoolExecutor.java:624) [na:1.8.0_131]
	at java.lang.Thread.run(Thread.java:748) [na:1.8.0_131]
2017-08-04 12:44:00 | INFO  | [pool-2-thread-1] j.s.ScheduleMailJob:23 - Job scheduled for sending email
2017-08-04 12:44:00 | ERROR | [pool-2-thread-1] j.m.Mailer:212 - Error downloading file
2017-08-04 12:44:00 | ERROR | [pool-2-thread-1] o.s.s.s.TaskUtils$LoggingErrorHandler:95 - Unexpected error occurred in scheduled task.
java.lang.NullPointerException: null
	at java.io.File.<init>(File.java:277) ~[na:1.8.0_131]
	at javax.activation.FileDataSource.<init>(FileDataSource.java:85) ~[na:1.8.0_131]
	at job.mail.Mailer.attachFile(Mailer.java:79) ~[classes/:na]
	at job.mail.Mailer.sendMail(Mailer.java:185) ~[classes/:na]
	at job.scheduling.ScheduleMailJob.ExecuteJob(ScheduleMailJob.java:24) ~[classes/:na]
	at job.scheduling.ScheduleJob.run(ScheduleJob.java:34) ~[classes/:na]
	at org.springframework.scheduling.support.DelegatingErrorHandlingRunnable.run(DelegatingErrorHandlingRunnable.java:54) ~[spring-context-4.0.6.RELEASE.jar:4.0.6.RELEASE]
	at org.springframework.scheduling.concurrent.ReschedulingRunnable.run(ReschedulingRunnable.java:81) [spring-context-4.0.6.RELEASE.jar:4.0.6.RELEASE]
	at java.util.concurrent.Executors$RunnableAdapter.call(Executors.java:511) [na:1.8.0_131]
	at java.util.concurrent.FutureTask.run(FutureTask.java:266) [na:1.8.0_131]
	at java.util.concurrent.ScheduledThreadPoolExecutor$ScheduledFutureTask.access$201(ScheduledThreadPoolExecutor.java:180) [na:1.8.0_131]
	at java.util.concurrent.ScheduledThreadPoolExecutor$ScheduledFutureTask.run(ScheduledThreadPoolExecutor.java:293) [na:1.8.0_131]
	at java.util.concurrent.ThreadPoolExecutor.runWorker(ThreadPoolExecutor.java:1149) [na:1.8.0_131]
	at java.util.concurrent.ThreadPoolExecutor$Worker.run(ThreadPoolExecutor.java:624) [na:1.8.0_131]
	at java.lang.Thread.run(Thread.java:748) [na:1.8.0_131]
2017-08-04 12:44:10 | INFO  | [pool-2-thread-1] j.s.ScheduleMailJob:23 - Job scheduled for sending email
2017-08-04 12:44:10 | ERROR | [pool-2-thread-1] j.m.Mailer:212 - Error downloading file
2017-08-04 12:44:10 | ERROR | [pool-2-thread-1] o.s.s.s.TaskUtils$LoggingErrorHandler:95 - Unexpected error occurred in scheduled task.
java.lang.NullPointerException: null
	at java.io.File.<init>(File.java:277) ~[na:1.8.0_131]
	at javax.activation.FileDataSource.<init>(FileDataSource.java:85) ~[na:1.8.0_131]
	at job.mail.Mailer.attachFile(Mailer.java:79) ~[classes/:na]
	at job.mail.Mailer.sendMail(Mailer.java:185) ~[classes/:na]
	at job.scheduling.ScheduleMailJob.ExecuteJob(ScheduleMailJob.java:24) ~[classes/:na]
	at job.scheduling.ScheduleJob.run(ScheduleJob.java:34) ~[classes/:na]
	at org.springframework.scheduling.support.DelegatingErrorHandlingRunnable.run(DelegatingErrorHandlingRunnable.java:54) ~[spring-context-4.0.6.RELEASE.jar:4.0.6.RELEASE]
	at org.springframework.scheduling.concurrent.ReschedulingRunnable.run(ReschedulingRunnable.java:81) [spring-context-4.0.6.RELEASE.jar:4.0.6.RELEASE]
	at java.util.concurrent.Executors$RunnableAdapter.call(Executors.java:511) [na:1.8.0_131]
	at java.util.concurrent.FutureTask.run(FutureTask.java:266) [na:1.8.0_131]
	at java.util.concurrent.ScheduledThreadPoolExecutor$ScheduledFutureTask.access$201(ScheduledThreadPoolExecutor.java:180) [na:1.8.0_131]
	at java.util.concurrent.ScheduledThreadPoolExecutor$ScheduledFutureTask.run(ScheduledThreadPoolExecutor.java:293) [na:1.8.0_131]
	at java.util.concurrent.ThreadPoolExecutor.runWorker(ThreadPoolExecutor.java:1149) [na:1.8.0_131]
	at java.util.concurrent.ThreadPoolExecutor$Worker.run(ThreadPoolExecutor.java:624) [na:1.8.0_131]
	at java.lang.Thread.run(Thread.java:748) [na:1.8.0_131]
2017-08-04 12:44:20 | INFO  | [pool-2-thread-1] j.s.ScheduleMailJob:23 - Job scheduled for sending email
2017-08-04 12:44:20 | ERROR | [pool-2-thread-1] j.m.Mailer:212 - Error downloading file
2017-08-04 12:44:20 | ERROR | [pool-2-thread-1] o.s.s.s.TaskUtils$LoggingErrorHandler:95 - Unexpected error occurred in scheduled task.
java.lang.NullPointerException: null
	at java.io.File.<init>(File.java:277) ~[na:1.8.0_131]
	at javax.activation.FileDataSource.<init>(FileDataSource.java:85) ~[na:1.8.0_131]
	at job.mail.Mailer.attachFile(Mailer.java:79) ~[classes/:na]
	at job.mail.Mailer.sendMail(Mailer.java:185) ~[classes/:na]
	at job.scheduling.ScheduleMailJob.ExecuteJob(ScheduleMailJob.java:24) ~[classes/:na]
	at job.scheduling.ScheduleJob.run(ScheduleJob.java:34) ~[classes/:na]
	at org.springframework.scheduling.support.DelegatingErrorHandlingRunnable.run(DelegatingErrorHandlingRunnable.java:54) ~[spring-context-4.0.6.RELEASE.jar:4.0.6.RELEASE]
	at org.springframework.scheduling.concurrent.ReschedulingRunnable.run(ReschedulingRunnable.java:81) [spring-context-4.0.6.RELEASE.jar:4.0.6.RELEASE]
	at java.util.concurrent.Executors$RunnableAdapter.call(Executors.java:511) [na:1.8.0_131]
	at java.util.concurrent.FutureTask.run(FutureTask.java:266) [na:1.8.0_131]
	at java.util.concurrent.ScheduledThreadPoolExecutor$ScheduledFutureTask.access$201(ScheduledThreadPoolExecutor.java:180) [na:1.8.0_131]
	at java.util.concurrent.ScheduledThreadPoolExecutor$ScheduledFutureTask.run(ScheduledThreadPoolExecutor.java:293) [na:1.8.0_131]
	at java.util.concurrent.ThreadPoolExecutor.runWorker(ThreadPoolExecutor.java:1149) [na:1.8.0_131]
	at java.util.concurrent.ThreadPoolExecutor$Worker.run(ThreadPoolExecutor.java:624) [na:1.8.0_131]
	at java.lang.Thread.run(Thread.java:748) [na:1.8.0_131]
2017-08-04 12:44:30 | INFO  | [pool-2-thread-1] j.s.ScheduleMailJob:23 - Job scheduled for sending email
2017-08-04 12:44:30 | ERROR | [pool-2-thread-1] j.m.Mailer:212 - Error downloading file
2017-08-04 12:44:30 | ERROR | [pool-2-thread-1] o.s.s.s.TaskUtils$LoggingErrorHandler:95 - Unexpected error occurred in scheduled task.
java.lang.NullPointerException: null
	at java.io.File.<init>(File.java:277) ~[na:1.8.0_131]
	at javax.activation.FileDataSource.<init>(FileDataSource.java:85) ~[na:1.8.0_131]
	at job.mail.Mailer.attachFile(Mailer.java:79) ~[classes/:na]
	at job.mail.Mailer.sendMail(Mailer.java:185) ~[classes/:na]
	at job.scheduling.ScheduleMailJob.ExecuteJob(ScheduleMailJob.java:24) ~[classes/:na]
	at job.scheduling.ScheduleJob.run(ScheduleJob.java:34) ~[classes/:na]
	at org.springframework.scheduling.support.DelegatingErrorHandlingRunnable.run(DelegatingErrorHandlingRunnable.java:54) ~[spring-context-4.0.6.RELEASE.jar:4.0.6.RELEASE]
	at org.springframework.scheduling.concurrent.ReschedulingRunnable.run(ReschedulingRunnable.java:81) [spring-context-4.0.6.RELEASE.jar:4.0.6.RELEASE]
	at java.util.concurrent.Executors$RunnableAdapter.call(Executors.java:511) [na:1.8.0_131]
	at java.util.concurrent.FutureTask.run(FutureTask.java:266) [na:1.8.0_131]
	at java.util.concurrent.ScheduledThreadPoolExecutor$ScheduledFutureTask.access$201(ScheduledThreadPoolExecutor.java:180) [na:1.8.0_131]
	at java.util.concurrent.ScheduledThreadPoolExecutor$ScheduledFutureTask.run(ScheduledThreadPoolExecutor.java:293) [na:1.8.0_131]
	at java.util.concurrent.ThreadPoolExecutor.runWorker(ThreadPoolExecutor.java:1149) [na:1.8.0_131]
	at java.util.concurrent.ThreadPoolExecutor$Worker.run(ThreadPoolExecutor.java:624) [na:1.8.0_131]
	at java.lang.Thread.run(Thread.java:748) [na:1.8.0_131]
2017-08-04 12:44:40 | INFO  | [pool-2-thread-1] j.s.ScheduleMailJob:23 - Job scheduled for sending email
2017-08-04 12:44:40 | ERROR | [pool-2-thread-1] j.m.Mailer:212 - Error downloading file
2017-08-04 12:44:40 | ERROR | [pool-2-thread-1] o.s.s.s.TaskUtils$LoggingErrorHandler:95 - Unexpected error occurred in scheduled task.
java.lang.NullPointerException: null
	at java.io.File.<init>(File.java:277) ~[na:1.8.0_131]
	at javax.activation.FileDataSource.<init>(FileDataSource.java:85) ~[na:1.8.0_131]
	at job.mail.Mailer.attachFile(Mailer.java:79) ~[classes/:na]
	at job.mail.Mailer.sendMail(Mailer.java:185) ~[classes/:na]
	at job.scheduling.ScheduleMailJob.ExecuteJob(ScheduleMailJob.java:24) ~[classes/:na]
	at job.scheduling.ScheduleJob.run(ScheduleJob.java:34) ~[classes/:na]
	at org.springframework.scheduling.support.DelegatingErrorHandlingRunnable.run(DelegatingErrorHandlingRunnable.java:54) ~[spring-context-4.0.6.RELEASE.jar:4.0.6.RELEASE]
	at org.springframework.scheduling.concurrent.ReschedulingRunnable.run(ReschedulingRunnable.java:81) [spring-context-4.0.6.RELEASE.jar:4.0.6.RELEASE]
	at java.util.concurrent.Executors$RunnableAdapter.call(Executors.java:511) [na:1.8.0_131]
	at java.util.concurrent.FutureTask.run(FutureTask.java:266) [na:1.8.0_131]
	at java.util.concurrent.ScheduledThreadPoolExecutor$ScheduledFutureTask.access$201(ScheduledThreadPoolExecutor.java:180) [na:1.8.0_131]
	at java.util.concurrent.ScheduledThreadPoolExecutor$ScheduledFutureTask.run(ScheduledThreadPoolExecutor.java:293) [na:1.8.0_131]
	at java.util.concurrent.ThreadPoolExecutor.runWorker(ThreadPoolExecutor.java:1149) [na:1.8.0_131]
	at java.util.concurrent.ThreadPoolExecutor$Worker.run(ThreadPoolExecutor.java:624) [na:1.8.0_131]
	at java.lang.Thread.run(Thread.java:748) [na:1.8.0_131]
2017-08-04 12:44:50 | INFO  | [pool-2-thread-1] j.s.ScheduleMailJob:23 - Job scheduled for sending email
2017-08-04 12:44:50 | ERROR | [pool-2-thread-1] j.m.Mailer:212 - Error downloading file
2017-08-04 12:44:50 | ERROR | [pool-2-thread-1] o.s.s.s.TaskUtils$LoggingErrorHandler:95 - Unexpected error occurred in scheduled task.
java.lang.NullPointerException: null
	at java.io.File.<init>(File.java:277) ~[na:1.8.0_131]
	at javax.activation.FileDataSource.<init>(FileDataSource.java:85) ~[na:1.8.0_131]
	at job.mail.Mailer.attachFile(Mailer.java:79) ~[classes/:na]
	at job.mail.Mailer.sendMail(Mailer.java:185) ~[classes/:na]
	at job.scheduling.ScheduleMailJob.ExecuteJob(ScheduleMailJob.java:24) ~[classes/:na]
	at job.scheduling.ScheduleJob.run(ScheduleJob.java:34) ~[classes/:na]
	at org.springframework.scheduling.support.DelegatingErrorHandlingRunnable.run(DelegatingErrorHandlingRunnable.java:54) ~[spring-context-4.0.6.RELEASE.jar:4.0.6.RELEASE]
	at org.springframework.scheduling.concurrent.ReschedulingRunnable.run(ReschedulingRunnable.java:81) [spring-context-4.0.6.RELEASE.jar:4.0.6.RELEASE]
	at java.util.concurrent.Executors$RunnableAdapter.call(Executors.java:511) [na:1.8.0_131]
	at java.util.concurrent.FutureTask.run(FutureTask.java:266) [na:1.8.0_131]
	at java.util.concurrent.ScheduledThreadPoolExecutor$ScheduledFutureTask.access$201(ScheduledThreadPoolExecutor.java:180) [na:1.8.0_131]
	at java.util.concurrent.ScheduledThreadPoolExecutor$ScheduledFutureTask.run(ScheduledThreadPoolExecutor.java:293) [na:1.8.0_131]
	at java.util.concurrent.ThreadPoolExecutor.runWorker(ThreadPoolExecutor.java:1149) [na:1.8.0_131]
	at java.util.concurrent.ThreadPoolExecutor$Worker.run(ThreadPoolExecutor.java:624) [na:1.8.0_131]
	at java.lang.Thread.run(Thread.java:748) [na:1.8.0_131]
2017-08-04 12:45:00 | INFO  | [pool-2-thread-1] j.s.ScheduleMailJob:23 - Job scheduled for sending email
2017-08-04 12:45:00 | ERROR | [pool-2-thread-1] j.m.Mailer:212 - Error downloading file
2017-08-04 12:45:00 | ERROR | [pool-2-thread-1] o.s.s.s.TaskUtils$LoggingErrorHandler:95 - Unexpected error occurred in scheduled task.
java.lang.NullPointerException: null
	at java.io.File.<init>(File.java:277) ~[na:1.8.0_131]
	at javax.activation.FileDataSource.<init>(FileDataSource.java:85) ~[na:1.8.0_131]
	at job.mail.Mailer.attachFile(Mailer.java:79) ~[classes/:na]
	at job.mail.Mailer.sendMail(Mailer.java:185) ~[classes/:na]
	at job.scheduling.ScheduleMailJob.ExecuteJob(ScheduleMailJob.java:24) ~[classes/:na]
	at job.scheduling.ScheduleJob.run(ScheduleJob.java:34) ~[classes/:na]
	at org.springframework.scheduling.support.DelegatingErrorHandlingRunnable.run(DelegatingErrorHandlingRunnable.java:54) ~[spring-context-4.0.6.RELEASE.jar:4.0.6.RELEASE]
	at org.springframework.scheduling.concurrent.ReschedulingRunnable.run(ReschedulingRunnable.java:81) [spring-context-4.0.6.RELEASE.jar:4.0.6.RELEASE]
	at java.util.concurrent.Executors$RunnableAdapter.call(Executors.java:511) [na:1.8.0_131]
	at java.util.concurrent.FutureTask.run(FutureTask.java:266) [na:1.8.0_131]
	at java.util.concurrent.ScheduledThreadPoolExecutor$ScheduledFutureTask.access$201(ScheduledThreadPoolExecutor.java:180) [na:1.8.0_131]
	at java.util.concurrent.ScheduledThreadPoolExecutor$ScheduledFutureTask.run(ScheduledThreadPoolExecutor.java:293) [na:1.8.0_131]
	at java.util.concurrent.ThreadPoolExecutor.runWorker(ThreadPoolExecutor.java:1149) [na:1.8.0_131]
	at java.util.concurrent.ThreadPoolExecutor$Worker.run(ThreadPoolExecutor.java:624) [na:1.8.0_131]
	at java.lang.Thread.run(Thread.java:748) [na:1.8.0_131]
2017-08-04 12:45:10 | INFO  | [pool-2-thread-1] j.s.ScheduleMailJob:23 - Job scheduled for sending email
2017-08-04 12:45:10 | ERROR | [pool-2-thread-1] j.m.Mailer:212 - Error downloading file
2017-08-04 12:45:10 | ERROR | [pool-2-thread-1] o.s.s.s.TaskUtils$LoggingErrorHandler:95 - Unexpected error occurred in scheduled task.
java.lang.NullPointerException: null
	at java.io.File.<init>(File.java:277) ~[na:1.8.0_131]
	at javax.activation.FileDataSource.<init>(FileDataSource.java:85) ~[na:1.8.0_131]
	at job.mail.Mailer.attachFile(Mailer.java:79) ~[classes/:na]
	at job.mail.Mailer.sendMail(Mailer.java:185) ~[classes/:na]
	at job.scheduling.ScheduleMailJob.ExecuteJob(ScheduleMailJob.java:24) ~[classes/:na]
	at job.scheduling.ScheduleJob.run(ScheduleJob.java:34) ~[classes/:na]
	at org.springframework.scheduling.support.DelegatingErrorHandlingRunnable.run(DelegatingErrorHandlingRunnable.java:54) ~[spring-context-4.0.6.RELEASE.jar:4.0.6.RELEASE]
	at org.springframework.scheduling.concurrent.ReschedulingRunnable.run(ReschedulingRunnable.java:81) [spring-context-4.0.6.RELEASE.jar:4.0.6.RELEASE]
	at java.util.concurrent.Executors$RunnableAdapter.call(Executors.java:511) [na:1.8.0_131]
	at java.util.concurrent.FutureTask.run(FutureTask.java:266) [na:1.8.0_131]
	at java.util.concurrent.ScheduledThreadPoolExecutor$ScheduledFutureTask.access$201(ScheduledThreadPoolExecutor.java:180) [na:1.8.0_131]
	at java.util.concurrent.ScheduledThreadPoolExecutor$ScheduledFutureTask.run(ScheduledThreadPoolExecutor.java:293) [na:1.8.0_131]
	at java.util.concurrent.ThreadPoolExecutor.runWorker(ThreadPoolExecutor.java:1149) [na:1.8.0_131]
	at java.util.concurrent.ThreadPoolExecutor$Worker.run(ThreadPoolExecutor.java:624) [na:1.8.0_131]
	at java.lang.Thread.run(Thread.java:748) [na:1.8.0_131]
2017-08-04 12:45:20 | INFO  | [pool-2-thread-1] j.s.ScheduleMailJob:23 - Job scheduled for sending email
2017-08-04 12:45:20 | ERROR | [pool-2-thread-1] j.m.Mailer:212 - Error downloading file
2017-08-04 12:45:20 | ERROR | [pool-2-thread-1] o.s.s.s.TaskUtils$LoggingErrorHandler:95 - Unexpected error occurred in scheduled task.
java.lang.NullPointerException: null
	at java.io.File.<init>(File.java:277) ~[na:1.8.0_131]
	at javax.activation.FileDataSource.<init>(FileDataSource.java:85) ~[na:1.8.0_131]
	at job.mail.Mailer.attachFile(Mailer.java:79) ~[classes/:na]
	at job.mail.Mailer.sendMail(Mailer.java:185) ~[classes/:na]
	at job.scheduling.ScheduleMailJob.ExecuteJob(ScheduleMailJob.java:24) ~[classes/:na]
	at job.scheduling.ScheduleJob.run(ScheduleJob.java:34) ~[classes/:na]
	at org.springframework.scheduling.support.DelegatingErrorHandlingRunnable.run(DelegatingErrorHandlingRunnable.java:54) ~[spring-context-4.0.6.RELEASE.jar:4.0.6.RELEASE]
	at org.springframework.scheduling.concurrent.ReschedulingRunnable.run(ReschedulingRunnable.java:81) [spring-context-4.0.6.RELEASE.jar:4.0.6.RELEASE]
	at java.util.concurrent.Executors$RunnableAdapter.call(Executors.java:511) [na:1.8.0_131]
	at java.util.concurrent.FutureTask.run(FutureTask.java:266) [na:1.8.0_131]
	at java.util.concurrent.ScheduledThreadPoolExecutor$ScheduledFutureTask.access$201(ScheduledThreadPoolExecutor.java:180) [na:1.8.0_131]
	at java.util.concurrent.ScheduledThreadPoolExecutor$ScheduledFutureTask.run(ScheduledThreadPoolExecutor.java:293) [na:1.8.0_131]
	at java.util.concurrent.ThreadPoolExecutor.runWorker(ThreadPoolExecutor.java:1149) [na:1.8.0_131]
	at java.util.concurrent.ThreadPoolExecutor$Worker.run(ThreadPoolExecutor.java:624) [na:1.8.0_131]
	at java.lang.Thread.run(Thread.java:748) [na:1.8.0_131]
2017-08-04 12:45:30 | INFO  | [pool-2-thread-1] j.s.ScheduleMailJob:23 - Job scheduled for sending email
2017-08-04 12:45:30 | ERROR | [pool-2-thread-1] j.m.Mailer:212 - Error downloading file
2017-08-04 12:45:30 | ERROR | [pool-2-thread-1] o.s.s.s.TaskUtils$LoggingErrorHandler:95 - Unexpected error occurred in scheduled task.
java.lang.NullPointerException: null
	at java.io.File.<init>(File.java:277) ~[na:1.8.0_131]
	at javax.activation.FileDataSource.<init>(FileDataSource.java:85) ~[na:1.8.0_131]
	at job.mail.Mailer.attachFile(Mailer.java:79) ~[classes/:na]
	at job.mail.Mailer.sendMail(Mailer.java:185) ~[classes/:na]
	at job.scheduling.ScheduleMailJob.ExecuteJob(ScheduleMailJob.java:24) ~[classes/:na]
	at job.scheduling.ScheduleJob.run(ScheduleJob.java:34) ~[classes/:na]
	at org.springframework.scheduling.support.DelegatingErrorHandlingRunnable.run(DelegatingErrorHandlingRunnable.java:54) ~[spring-context-4.0.6.RELEASE.jar:4.0.6.RELEASE]
	at org.springframework.scheduling.concurrent.ReschedulingRunnable.run(ReschedulingRunnable.java:81) [spring-context-4.0.6.RELEASE.jar:4.0.6.RELEASE]
	at java.util.concurrent.Executors$RunnableAdapter.call(Executors.java:511) [na:1.8.0_131]
	at java.util.concurrent.FutureTask.run(FutureTask.java:266) [na:1.8.0_131]
	at java.util.concurrent.ScheduledThreadPoolExecutor$ScheduledFutureTask.access$201(ScheduledThreadPoolExecutor.java:180) [na:1.8.0_131]
	at java.util.concurrent.ScheduledThreadPoolExecutor$ScheduledFutureTask.run(ScheduledThreadPoolExecutor.java:293) [na:1.8.0_131]
	at java.util.concurrent.ThreadPoolExecutor.runWorker(ThreadPoolExecutor.java:1149) [na:1.8.0_131]
	at java.util.concurrent.ThreadPoolExecutor$Worker.run(ThreadPoolExecutor.java:624) [na:1.8.0_131]
	at java.lang.Thread.run(Thread.java:748) [na:1.8.0_131]
2017-08-04 12:45:40 | INFO  | [pool-2-thread-1] j.s.ScheduleMailJob:23 - Job scheduled for sending email
2017-08-04 12:45:40 | ERROR | [pool-2-thread-1] j.m.Mailer:212 - Error downloading file
2017-08-04 12:45:40 | ERROR | [pool-2-thread-1] o.s.s.s.TaskUtils$LoggingErrorHandler:95 - Unexpected error occurred in scheduled task.
java.lang.NullPointerException: null
	at java.io.File.<init>(File.java:277) ~[na:1.8.0_131]
	at javax.activation.FileDataSource.<init>(FileDataSource.java:85) ~[na:1.8.0_131]
	at job.mail.Mailer.attachFile(Mailer.java:79) ~[classes/:na]
	at job.mail.Mailer.sendMail(Mailer.java:185) ~[classes/:na]
	at job.scheduling.ScheduleMailJob.ExecuteJob(ScheduleMailJob.java:24) ~[classes/:na]
	at job.scheduling.ScheduleJob.run(ScheduleJob.java:34) ~[classes/:na]
	at org.springframework.scheduling.support.DelegatingErrorHandlingRunnable.run(DelegatingErrorHandlingRunnable.java:54) ~[spring-context-4.0.6.RELEASE.jar:4.0.6.RELEASE]
	at org.springframework.scheduling.concurrent.ReschedulingRunnable.run(ReschedulingRunnable.java:81) [spring-context-4.0.6.RELEASE.jar:4.0.6.RELEASE]
	at java.util.concurrent.Executors$RunnableAdapter.call(Executors.java:511) [na:1.8.0_131]
	at java.util.concurrent.FutureTask.run(FutureTask.java:266) [na:1.8.0_131]
	at java.util.concurrent.ScheduledThreadPoolExecutor$ScheduledFutureTask.access$201(ScheduledThreadPoolExecutor.java:180) [na:1.8.0_131]
	at java.util.concurrent.ScheduledThreadPoolExecutor$ScheduledFutureTask.run(ScheduledThreadPoolExecutor.java:293) [na:1.8.0_131]
	at java.util.concurrent.ThreadPoolExecutor.runWorker(ThreadPoolExecutor.java:1149) [na:1.8.0_131]
	at java.util.concurrent.ThreadPoolExecutor$Worker.run(ThreadPoolExecutor.java:624) [na:1.8.0_131]
	at java.lang.Thread.run(Thread.java:748) [na:1.8.0_131]
2017-08-04 12:47:22 | INFO  | [main] j.m.Task:24 - Application Started
2017-08-04 12:47:22 | INFO  | [main] j.s.ParseConfigFile:79 - Parsed Successfully
2017-08-04 12:47:22 | INFO  | [main] j.m.Task:35 - Configuration Object made
2017-08-04 12:47:22 | INFO  | [main] j.m.Task:37 - Job Scheduled
2017-08-04 12:47:30 | INFO  | [pool-2-thread-1] j.s.ScheduleMailJob:23 - Job scheduled for sending email
2017-08-04 12:47:30 | INFO  | [pool-2-thread-1] j.m.Mailer:207 - File downloaded successfully
2017-08-04 12:47:35 | INFO  | [pool-2-thread-1] j.m.Mailer:148 - mail sent successfully
2017-08-04 12:49:39 | INFO  | [main] j.m.Task:24 - Application Started
2017-08-04 12:49:39 | INFO  | [main] j.s.ParseConfigFile:79 - Parsed Successfully
2017-08-04 12:49:39 | INFO  | [main] j.m.Task:35 - Configuration Object made
2017-08-04 12:49:39 | INFO  | [main] j.m.Task:37 - Job Scheduled
2017-08-04 12:49:40 | INFO  | [pool-2-thread-1] j.s.ScheduleMailJob:23 - Job scheduled for sending email
2017-08-04 12:49:40 | INFO  | [pool-2-thread-1] j.m.Mailer:207 - File downloaded successfully
2017-08-04 12:49:44 | INFO  | [pool-2-thread-1] j.m.Mailer:148 - mail sent successfully
2017-08-04 12:50:53 | INFO  | [main] j.m.Task:24 - Application Started
2017-08-04 12:50:53 | INFO  | [main] j.s.ParseConfigFile:79 - Parsed Successfully
2017-08-04 12:50:53 | INFO  | [main] j.m.Task:35 - Configuration Object made
2017-08-04 12:50:53 | INFO  | [main] j.m.Task:37 - Job Scheduled
2017-08-04 12:51:00 | INFO  | [pool-2-thread-1] j.s.ScheduleMailJob:23 - Job scheduled for sending email
2017-08-04 12:51:04 | INFO  | [pool-2-thread-1] j.m.Mailer:207 - File downloaded successfully
2017-08-04 12:51:12 | INFO  | [pool-2-thread-1] j.m.Mailer:148 - mail sent successfully
2017-08-04 13:10:40 | INFO  | [main] j.m.Task:24 - Application Started
2017-08-04 13:10:40 | INFO  | [main] j.s.ParseConfigFile:79 - Parsed Successfully
2017-08-04 13:10:40 | INFO  | [main] j.m.Task:35 - Configuration Object made
2017-08-04 13:10:40 | INFO  | [main] j.m.Task:37 - Job Scheduled
2017-08-04 13:11:17 | INFO  | [main] j.m.Task:24 - Application Started
2017-08-04 13:11:17 | INFO  | [main] j.s.ParseConfigFile:79 - Parsed Successfully
2017-08-04 13:11:17 | INFO  | [main] j.m.Task:35 - Configuration Object made
2017-08-04 13:11:17 | INFO  | [main] j.m.Task:37 - Job Scheduled
2017-08-04 13:11:20 | INFO  | [pool-2-thread-1] j.s.ScheduleMailJob:23 - Job scheduled for sending email
2017-08-04 13:11:27 | INFO  | [pool-2-thread-1] j.m.Mailer:207 - File downloaded successfully
2017-08-04 13:11:35 | INFO  | [pool-2-thread-1] j.m.Mailer:148 - mail sent successfully
2017-08-04 13:11:40 | INFO  | [pool-2-thread-1] j.s.ScheduleMailJob:23 - Job scheduled for sending email
