<?xml version="1.0" encoding="UTF-8" standalone="no"?>
<!DOCTYPE log SYSTEM "logger.dtd">
<log>
<record>
  <date>2017-07-31T17:54:25</date>
  <millis>1501503865126</millis>
  <sequence>0</sequence>
  <logger>Compute</logger>
  <level>CONFIG</level>
  <class>Compute</class>
  <method>add</method>
  <thread>1</thread>
  <message>Add</message>
  <param>Compute@6d6f6e28</param>
</record>
<record>
  <date>2017-07-31T17:54:25</date>
  <millis>1501503865146</millis>
  <sequence>1</sequence>
  <logger>Compute</logger>
  <level>SEVERE</level>
  <class>Compute</class>
  <method>divide</method>
  <thread>1</thread>
  <message>In divide</message>
  <param>Compute@6d6f6e28</param>
</record>
</log>
